<?xml version="1.0" encoding="UTF-8"?>
<!-- Generated by org.testng.reporters.JUnitReportReporter -->
<testsuite hostname="ip-172-31-18-39" failures="0" tests="3" name="Test_JDBC.NewTestNg" time="8.419" errors="0" timestamp="11 Apr 2023 13:56:25 GMT" skipped="0">
  <testcase classname="Test_JDBC.NewTestNg" name="Test" time="3.241"/>
  <testcase classname="Test_JDBC.NewTestNg" name="Test1" time="2.429"/>
  <testcase classname="Test_JDBC.NewTestNg" name="Test2" time="2.749"/>
</testsuite> <!-- Test_JDBC.NewTestNg -->
