<?xml version="1.0" encoding="UTF-8"?>
<!-- Generated by org.testng.reporters.JUnitReportReporter -->
<testsuite hostname="ip-172-31-18-39" failures="0" tests="3" name="Test_JDBC.NewTestNg" time="11.217" errors="0" timestamp="11 Apr 2023 18:32:16 GMT" skipped="0">
  <testcase classname="Test_JDBC.NewTestNg" name="Test2" time="2.758"/>
  <testcase classname="Test_JDBC.NewTestNg" name="Test" time="5.980"/>
  <testcase classname="Test_JDBC.NewTestNg" name="Test1" time="2.479"/>
</testsuite> <!-- Test_JDBC.NewTestNg -->
